[debug] ----------------------------------------------------------------------
[debug] Command:      C:\Program Files (x86)\nodejs\node.exe C:\Users\Mich\AppData\Roaming\npm\node_modules\firebase-tools\bin\firebase deploy
[debug] CLI Version:  3.5.0
[debug] Platform:     win32
[debug] Node Version: v6.4.0
[debug] Time:         Fri Jun 16 2017 00:39:03 GMT+0200 (South Africa Standard Time)
[debug] ----------------------------------------------------------------------
[debug] 
[debug] > command requires scopes: ["email","openid","https://www.googleapis.com/auth/cloudplatformprojects.readonly","https://www.googleapis.com/auth/firebase","https://www.googleapis.com/auth/cloud-platform"]
[debug] >>> HTTP REQUEST GET https://admin.firebase.com/v1/projects/ac-app-2a741  
 Fri Jun 16 2017 00:39:03 GMT+0200 (South Africa Standard Time)
[debug] <<< HTTP RESPONSE 200
[debug] >>> HTTP REQUEST GET https://admin.firebase.com/v1/database/ac-app-2a741/tokens  
 Fri Jun 16 2017 00:39:05 GMT+0200 (South Africa Standard Time)
[debug] <<< HTTP RESPONSE 200
[info] 
[info] === Deploying to 'ac-app-2a741'...
[info] 
[info] i  deploying database, functions, hosting
[info] +  database: rules ready to deploy.
[debug] > [functions] package.json contents: {
  "name": "functions",
  "description": "Cloud Functions for Firebase",
  "dependencies": {
    "firebase-admin": "^4.1.2",
    "firebase-functions": "^0.5"
  },
  "private": true
}
[info] i  functions: ensuring necessary APIs are enabled...
[info] i  runtimeconfig: ensuring necessary APIs are enabled...
[debug] >>> HTTP REQUEST GET https://servicemanagement.googleapis.com/v1/services/cloudfunctions.googleapis.com/projectSettings/ac-app-2a741?view=CONSUMER_VIEW  
 Fri Jun 16 2017 00:39:12 GMT+0200 (South Africa Standard Time)
[debug] >>> HTTP REQUEST GET https://servicemanagement.googleapis.com/v1/services/runtimeconfig.googleapis.com/projectSettings/ac-app-2a741?view=CONSUMER_VIEW  
 Fri Jun 16 2017 00:39:12 GMT+0200 (South Africa Standard Time)
[debug] <<< HTTP RESPONSE 200
[info] +  runtimeconfig: all necessary APIs are enabled
[debug] <<< HTTP RESPONSE 200
[info] +  functions: all necessary APIs are enabled
[debug] >>> HTTP REQUEST GET https://appengine.googleapis.com/v1/apps/ac-app-2a741  
 Fri Jun 16 2017 00:39:14 GMT+0200 (South Africa Standard Time)
[debug] >>> HTTP REQUEST GET https://apikeys.googleapis.com/v1/projects/ac-app-2a741/apiKeys  
 Fri Jun 16 2017 00:39:14 GMT+0200 (South Africa Standard Time)
[debug] <<< HTTP RESPONSE 200
[debug] <<< HTTP RESPONSE 200
